app/intermediates/manifest_merge_blame_file/debug/manifest-merger-blame-debug-report.txt
1<?xml version="1.0" encoding="utf-8"?>
2<manifest xmlns:android="http://schemas.android.com/apk/res/android"
3    package="com.example.techlearnprojectapp"
4    android:versionCode="1"
5    android:versionName="1.0.0" >
6
7    <uses-sdk
8        android:minSdkVersion="16"
9        android:targetSdkVersion="29" />
10    <!--
11         Flutter needs it to communicate with the running application
12         to allow setting breakpoints, to provide hot reload, etc.
13    -->
14    <uses-permission android:name="android.permission.INTERNET" />
14-->src\debug\AndroidManifest.xml:6:5-66
14-->src\debug\AndroidManifest.xml:6:22-64
15    <uses-permission android:name="android.permission.ACCESS_NETWORK_STATE" />
15-->[com.google.firebase:firebase-iid:20.3.0] AndroidManifest.xml:22:5-79
15-->[com.google.firebase:firebase-iid:20.3.0] AndroidManifest.xml:22:22-76
16    <uses-permission android:name="android.permission.WAKE_LOCK" /> <!-- Required by older versions of Google Play services to create IID tokens -->
16-->[com.google.firebase:firebase-iid:20.3.0] AndroidManifest.xml:24:5-68
16-->[com.google.firebase:firebase-iid:20.3.0] AndroidManifest.xml:24:22-65
17    <uses-permission android:name="com.google.android.c2dm.permission.RECEIVE" />
17-->[com.google.firebase:firebase-iid:20.3.0] AndroidManifest.xml:26:5-82
17-->[com.google.firebase:firebase-iid:20.3.0] AndroidManifest.xml:26:22-79
18    <uses-permission android:name="com.google.android.finsky.permission.BIND_GET_INSTALL_REFERRER_SERVICE" />
18-->[com.google.android.gms:play-services-measurement:17.6.0] AndroidManifest.xml:26:5-110
18-->[com.google.android.gms:play-services-measurement:17.6.0] AndroidManifest.xml:26:22-107
19    <!--
20 io.flutter.app.FlutterApplication is an android.app.Application that
21         calls FlutterMain.startInitialization(this); in its onCreate method.
22         In most cases you can leave this as-is, but you if you want to provide
23         additional functionality it is fine to subclass or reimplement
24         FlutterApplication and put your custom class here.
25    -->
26    <application
26-->src\main\AndroidManifest.xml:8:5-46:19
27        android:name="io.flutter.app.FlutterApplication"
27-->src\main\AndroidManifest.xml:9:9-57
28        android:appComponentFactory="androidx.core.app.CoreComponentFactory"
28-->[androidx.core:core:1.1.0] AndroidManifest.xml:24:18-86
29        android:debuggable="true"
30        android:icon="@mipmap/ic_launcher"
30-->src\main\AndroidManifest.xml:11:9-43
31        android:label="techlearnproject_app" >
31-->src\main\AndroidManifest.xml:10:9-45
32        <activity
32-->src\main\AndroidManifest.xml:12:9-40:20
33            android:name="com.example.techlearnproject_app.MainActivity"
33-->src\main\AndroidManifest.xml:13:13-41
34            android:configChanges="orientation|keyboardHidden|keyboard|screenSize|smallestScreenSize|locale|layoutDirection|fontScale|screenLayout|density|uiMode"
34-->src\main\AndroidManifest.xml:16:13-163
35            android:hardwareAccelerated="true"
35-->src\main\AndroidManifest.xml:17:13-47
36            android:launchMode="singleTop"
36-->src\main\AndroidManifest.xml:14:13-43
37            android:theme="@style/LaunchTheme"
37-->src\main\AndroidManifest.xml:15:13-47
38            android:windowSoftInputMode="adjustResize" >
38-->src\main\AndroidManifest.xml:18:13-55
39
40            <!--
41                 Specifies an Android theme to apply to this Activity as soon as
42                 the Android process has started. This theme is visible to the user
43                 while the Flutter UI initializes. After that, this theme continues
44                 to determine the Window background behind the Flutter UI.
45            -->
46            <meta-data
46-->src\main\AndroidManifest.xml:23:13-26:17
47                android:name="io.flutter.embedding.android.NormalTheme"
47-->src\main\AndroidManifest.xml:24:15-70
48                android:resource="@style/NormalTheme" />
48-->src\main\AndroidManifest.xml:25:15-52
49            <!--
50                 Displays an Android View that continues showing the launch screen
51                 Drawable until Flutter paints its first frame, then this splash
52                 screen fades out. A splash screen is useful to avoid any visual
53                 gap between the end of Android's launch screen and the painting of
54                 Flutter's first frame.
55            -->
56            <meta-data
56-->src\main\AndroidManifest.xml:32:13-35:17
57                android:name="io.flutter.embedding.android.SplashScreenDrawable"
57-->src\main\AndroidManifest.xml:33:15-79
58                android:resource="@drawable/launch_background" />
58-->src\main\AndroidManifest.xml:34:15-61
59
60            <intent-filter>
60-->src\main\AndroidManifest.xml:36:13-39:29
61                <action android:name="android.intent.action.MAIN" />
61-->src\main\AndroidManifest.xml:37:17-68
61-->src\main\AndroidManifest.xml:37:25-66
62
63                <category android:name="android.intent.category.LAUNCHER" />
63-->src\main\AndroidManifest.xml:38:17-76
63-->src\main\AndroidManifest.xml:38:27-74
64            </intent-filter>
65        </activity>
66        <!--
67             Don't delete the meta-data below.
68             This is used by the Flutter tool to generate GeneratedPluginRegistrant.java
69        -->
70        <meta-data
70-->src\main\AndroidManifest.xml:43:9-45:33
71            android:name="flutterEmbedding"
71-->src\main\AndroidManifest.xml:44:13-44
72            android:value="2" />
72-->src\main\AndroidManifest.xml:45:13-30
73
74        <service
74-->[:firebase_auth] AndroidManifest.xml:8:9-12:19
75            android:name="com.google.firebase.components.ComponentDiscoveryService"
75-->[:firebase_auth] AndroidManifest.xml:8:18-89
76            android:directBootAware="true"
76-->[com.google.firebase:firebase-common:19.3.0] AndroidManifest.xml:34:13-43
77            android:exported="false" >
77-->[com.google.firebase:firebase-auth:19.4.0] AndroidManifest.xml:35:13-37
78            <meta-data
78-->[:firebase_auth] AndroidManifest.xml:9:13-11:85
79                android:name="com.google.firebase.components:io.flutter.plugins.firebase.auth.FlutterFirebaseAuthRegistrar"
79-->[:firebase_auth] AndroidManifest.xml:10:17-124
80                android:value="com.google.firebase.components.ComponentRegistrar" />
80-->[:firebase_auth] AndroidManifest.xml:11:17-82
81            <meta-data
81-->[:firebase_messaging] AndroidManifest.xml:14:13-16:85
82                android:name="com.google.firebase.components:io.flutter.plugins.firebasemessaging.FlutterFirebaseAppRegistrar"
82-->[:firebase_messaging] AndroidManifest.xml:15:17-127
83                android:value="com.google.firebase.components.ComponentRegistrar" />
83-->[:firebase_messaging] AndroidManifest.xml:16:17-82
84            <meta-data
84-->[:firebase_core] AndroidManifest.xml:9:13-11:85
85                android:name="com.google.firebase.components:io.flutter.plugins.firebase.core.FlutterFirebaseCoreRegistrar"
85-->[:firebase_core] AndroidManifest.xml:10:17-124
86                android:value="com.google.firebase.components.ComponentRegistrar" />
86-->[:firebase_core] AndroidManifest.xml:11:17-82
87            <meta-data
87-->[com.google.firebase:firebase-auth:19.4.0] AndroidManifest.xml:36:13-38:85
88                android:name="com.google.firebase.components:com.google.firebase.auth.FirebaseAuthRegistrar"
88-->[com.google.firebase:firebase-auth:19.4.0] AndroidManifest.xml:37:17-109
89                android:value="com.google.firebase.components.ComponentRegistrar" />
89-->[com.google.firebase:firebase-auth:19.4.0] AndroidManifest.xml:38:17-82
90            <meta-data
90-->[com.google.firebase:firebase-messaging:20.3.0] AndroidManifest.xml:39:13-41:85
91                android:name="com.google.firebase.components:com.google.firebase.messaging.FirebaseMessagingRegistrar"
91-->[com.google.firebase:firebase-messaging:20.3.0] AndroidManifest.xml:40:17-119
92                android:value="com.google.firebase.components.ComponentRegistrar" />
92-->[com.google.firebase:firebase-messaging:20.3.0] AndroidManifest.xml:41:17-82
93            <meta-data
93-->[com.google.firebase:firebase-iid:20.3.0] AndroidManifest.xml:32:13-34:85
94                android:name="com.google.firebase.components:com.google.firebase.iid.Registrar"
94-->[com.google.firebase:firebase-iid:20.3.0] AndroidManifest.xml:33:17-96
95                android:value="com.google.firebase.components.ComponentRegistrar" />
95-->[com.google.firebase:firebase-iid:20.3.0] AndroidManifest.xml:34:17-82
96            <meta-data
96-->[com.google.android.gms:play-services-measurement-api:17.6.0] AndroidManifest.xml:30:13-32:85
97                android:name="com.google.firebase.components:com.google.firebase.analytics.connector.internal.AnalyticsConnectorRegistrar"
97-->[com.google.android.gms:play-services-measurement-api:17.6.0] AndroidManifest.xml:31:17-139
98                android:value="com.google.firebase.components.ComponentRegistrar" />
98-->[com.google.android.gms:play-services-measurement-api:17.6.0] AndroidManifest.xml:32:17-82
99            <meta-data
99-->[com.google.firebase:firebase-datatransport:17.0.3] AndroidManifest.xml:28:13-30:85
100                android:name="com.google.firebase.components:com.google.firebase.datatransport.TransportRegistrar"
100-->[com.google.firebase:firebase-datatransport:17.0.3] AndroidManifest.xml:29:17-115
101                android:value="com.google.firebase.components.ComponentRegistrar" />
101-->[com.google.firebase:firebase-datatransport:17.0.3] AndroidManifest.xml:30:17-82
102            <meta-data
102-->[com.google.firebase:firebase-installations:16.3.3] AndroidManifest.xml:17:13-19:85
103                android:name="com.google.firebase.components:com.google.firebase.installations.FirebaseInstallationsRegistrar"
103-->[com.google.firebase:firebase-installations:16.3.3] AndroidManifest.xml:18:17-127
104                android:value="com.google.firebase.components.ComponentRegistrar" />
104-->[com.google.firebase:firebase-installations:16.3.3] AndroidManifest.xml:19:17-82
105        </service>
106        <service android:name="io.flutter.plugins.firebasemessaging.FlutterFirebaseMessagingService" >
106-->[:firebase_messaging] AndroidManifest.xml:8:9-12:19
106-->[:firebase_messaging] AndroidManifest.xml:8:18-101
107            <intent-filter>
107-->[:firebase_messaging] AndroidManifest.xml:9:13-11:29
108                <action android:name="com.google.firebase.MESSAGING_EVENT" />
108-->[:firebase_messaging] AndroidManifest.xml:10:17-78
108-->[:firebase_messaging] AndroidManifest.xml:10:25-75
109            </intent-filter>
110        </service>
111
112        <activity
112-->[com.google.firebase:firebase-auth:19.4.0] AndroidManifest.xml:24:9-31:50
113            android:name="com.google.firebase.auth.internal.FederatedSignInActivity"
113-->[com.google.firebase:firebase-auth:19.4.0] AndroidManifest.xml:25:13-85
114            android:excludeFromRecents="true"
114-->[com.google.firebase:firebase-auth:19.4.0] AndroidManifest.xml:26:13-46
115            android:exported="true"
115-->[com.google.firebase:firebase-auth:19.4.0] AndroidManifest.xml:27:13-36
116            android:launchMode="singleTask"
116-->[com.google.firebase:firebase-auth:19.4.0] AndroidManifest.xml:28:13-44
117            android:permission="com.google.firebase.auth.api.gms.permission.LAUNCH_FEDERATED_SIGN_IN"
117-->[com.google.firebase:firebase-auth:19.4.0] AndroidManifest.xml:29:13-102
118            android:theme="@android:style/Theme.Translucent.NoTitleBar" />
118-->[com.google.firebase:firebase-auth:19.4.0] AndroidManifest.xml:30:13-72
119        <!--
120             FirebaseMessagingService performs security checks at runtime,
121             but set to not exported to explicitly avoid allowing another app to call it.
122        -->
123        <service
123-->[com.google.firebase:firebase-messaging:20.3.0] AndroidManifest.xml:28:9-35:19
124            android:name="com.google.firebase.messaging.FirebaseMessagingService"
124-->[com.google.firebase:firebase-messaging:20.3.0] AndroidManifest.xml:29:13-82
125            android:directBootAware="true"
125-->[com.google.firebase:firebase-messaging:20.3.0] AndroidManifest.xml:30:13-43
126            android:exported="false" >
126-->[com.google.firebase:firebase-messaging:20.3.0] AndroidManifest.xml:31:13-37
127            <intent-filter android:priority="-500" >
127-->[:firebase_messaging] AndroidManifest.xml:9:13-11:29
128                <action android:name="com.google.firebase.MESSAGING_EVENT" />
128-->[:firebase_messaging] AndroidManifest.xml:10:17-78
128-->[:firebase_messaging] AndroidManifest.xml:10:25-75
129            </intent-filter>
130        </service>
131
132        <receiver
132-->[com.google.firebase:firebase-iid:20.3.0] AndroidManifest.xml:37:9-44:20
133            android:name="com.google.firebase.iid.FirebaseInstanceIdReceiver"
133-->[com.google.firebase:firebase-iid:20.3.0] AndroidManifest.xml:38:13-78
134            android:exported="true"
134-->[com.google.firebase:firebase-iid:20.3.0] AndroidManifest.xml:39:13-36
135            android:permission="com.google.android.c2dm.permission.SEND" >
135-->[com.google.firebase:firebase-iid:20.3.0] AndroidManifest.xml:40:13-73
136            <intent-filter>
136-->[com.google.firebase:firebase-iid:20.3.0] AndroidManifest.xml:41:13-43:29
137                <action android:name="com.google.android.c2dm.intent.RECEIVE" />
137-->[com.google.firebase:firebase-iid:20.3.0] AndroidManifest.xml:42:17-81
137-->[com.google.firebase:firebase-iid:20.3.0] AndroidManifest.xml:42:25-78
138            </intent-filter>
139        </receiver>
140        <receiver
140-->[com.google.android.gms:play-services-measurement:17.6.0] AndroidManifest.xml:29:9-33:20
141            android:name="com.google.android.gms.measurement.AppMeasurementReceiver"
141-->[com.google.android.gms:play-services-measurement:17.6.0] AndroidManifest.xml:30:13-85
142            android:enabled="true"
142-->[com.google.android.gms:play-services-measurement:17.6.0] AndroidManifest.xml:31:13-35
143            android:exported="false" >
143-->[com.google.android.gms:play-services-measurement:17.6.0] AndroidManifest.xml:32:13-37
144        </receiver>
145
146        <service
146-->[com.google.android.gms:play-services-measurement:17.6.0] AndroidManifest.xml:35:9-38:40
147            android:name="com.google.android.gms.measurement.AppMeasurementService"
147-->[com.google.android.gms:play-services-measurement:17.6.0] AndroidManifest.xml:36:13-84
148            android:enabled="true"
148-->[com.google.android.gms:play-services-measurement:17.6.0] AndroidManifest.xml:37:13-35
149            android:exported="false" />
149-->[com.google.android.gms:play-services-measurement:17.6.0] AndroidManifest.xml:38:13-37
150        <service
150-->[com.google.android.gms:play-services-measurement:17.6.0] AndroidManifest.xml:39:9-43:72
151            android:name="com.google.android.gms.measurement.AppMeasurementJobService"
151-->[com.google.android.gms:play-services-measurement:17.6.0] AndroidManifest.xml:40:13-87
152            android:enabled="true"
152-->[com.google.android.gms:play-services-measurement:17.6.0] AndroidManifest.xml:41:13-35
153            android:exported="false"
153-->[com.google.android.gms:play-services-measurement:17.6.0] AndroidManifest.xml:42:13-37
154            android:permission="android.permission.BIND_JOB_SERVICE" />
154-->[com.google.android.gms:play-services-measurement:17.6.0] AndroidManifest.xml:43:13-69
155
156        <provider
156-->[com.google.firebase:firebase-common:19.3.0] AndroidManifest.xml:26:9-30:39
157            android:name="com.google.firebase.provider.FirebaseInitProvider"
157-->[com.google.firebase:firebase-common:19.3.0] AndroidManifest.xml:27:13-77
158            android:authorities="com.example.techlearnprojectapp.firebaseinitprovider"
158-->[com.google.firebase:firebase-common:19.3.0] AndroidManifest.xml:28:13-72
159            android:exported="false"
159-->[com.google.firebase:firebase-common:19.3.0] AndroidManifest.xml:29:13-37
160            android:initOrder="100" />
160-->[com.google.firebase:firebase-common:19.3.0] AndroidManifest.xml:30:13-36
161
162        <activity
162-->[com.google.android.gms:play-services-base:17.1.0] AndroidManifest.xml:23:9-26:75
163            android:name="com.google.android.gms.common.api.GoogleApiActivity"
163-->[com.google.android.gms:play-services-base:17.1.0] AndroidManifest.xml:24:13-79
164            android:exported="false"
164-->[com.google.android.gms:play-services-base:17.1.0] AndroidManifest.xml:25:13-37
165            android:theme="@android:style/Theme.Translucent.NoTitleBar" />
165-->[com.google.android.gms:play-services-base:17.1.0] AndroidManifest.xml:26:13-72
166
167        <meta-data
167-->[com.google.android.gms:play-services-basement:17.0.0] AndroidManifest.xml:23:9-25:69
168            android:name="com.google.android.gms.version"
168-->[com.google.android.gms:play-services-basement:17.0.0] AndroidManifest.xml:24:13-58
169            android:value="@integer/google_play_services_version" />
169-->[com.google.android.gms:play-services-basement:17.0.0] AndroidManifest.xml:25:13-66
170
171        <service
171-->[com.google.android.datatransport:transport-backend-cct:2.2.0] AndroidManifest.xml:29:9-35:19
172            android:name="com.google.android.datatransport.runtime.backends.TransportBackendDiscovery"
172-->[com.google.android.datatransport:transport-backend-cct:2.2.0] AndroidManifest.xml:30:13-103
173            android:exported="false" >
173-->[com.google.android.datatransport:transport-backend-cct:2.2.0] AndroidManifest.xml:31:13-37
174            <meta-data
174-->[com.google.android.datatransport:transport-backend-cct:2.2.0] AndroidManifest.xml:32:13-34:39
175                android:name="backend:com.google.android.datatransport.cct.CctBackendFactory"
175-->[com.google.android.datatransport:transport-backend-cct:2.2.0] AndroidManifest.xml:33:17-94
176                android:value="cct" />
176-->[com.google.android.datatransport:transport-backend-cct:2.2.0] AndroidManifest.xml:34:17-36
177        </service>
178        <service
178-->[com.google.android.datatransport:transport-runtime:2.2.0] AndroidManifest.xml:26:9-30:19
179            android:name="com.google.android.datatransport.runtime.scheduling.jobscheduling.JobInfoSchedulerService"
179-->[com.google.android.datatransport:transport-runtime:2.2.0] AndroidManifest.xml:27:13-117
180            android:exported="false"
180-->[com.google.android.datatransport:transport-runtime:2.2.0] AndroidManifest.xml:28:13-37
181            android:permission="android.permission.BIND_JOB_SERVICE" >
181-->[com.google.android.datatransport:transport-runtime:2.2.0] AndroidManifest.xml:29:13-69
182        </service>
183
184        <receiver
184-->[com.google.android.datatransport:transport-runtime:2.2.0] AndroidManifest.xml:32:9-34:40
185            android:name="com.google.android.datatransport.runtime.scheduling.jobscheduling.AlarmManagerSchedulerBroadcastReceiver"
185-->[com.google.android.datatransport:transport-runtime:2.2.0] AndroidManifest.xml:33:13-132
186            android:exported="false" />
186-->[com.google.android.datatransport:transport-runtime:2.2.0] AndroidManifest.xml:34:13-37
187    </application>
188
189</manifest>